<?xml version="1.0" encoding="UTF-8"?>
<testsuite xmlns:xsi="http://www.w3.org/2001/XMLSchema-instance" xsi:noNamespaceSchemaLocation="https://maven.apache.org/surefire/maven-surefire-plugin/xsd/surefire-test-report.xsd" version="3.0.1" name="com.udesc.libraSys.BibliotecaServiceTest" time="3.729" tests="20" errors="0" skipped="0" failures="4">
  <properties>
[...]
</properties>
  <testcase name="testAdicionarLivroComTituloVazio" classname="com.udesc.libraSys.BibliotecaServiceTest" time="0.038"/>
  <testcase name="testAdicionarLivroComAutorVazio" classname="com.udesc.libraSys.BibliotecaServiceTest" time="0.035"/>
  <testcase name="testAdicionarLivroComAnoInvalido" classname="com.udesc.libraSys.BibliotecaServiceTest" time="0.035"/>
  <testcase name="testAdicionarLivroComDadosValidos" classname="com.udesc.libraSys.BibliotecaServiceTest" time="0.209"/>
  <testcase name="testAdicionarLivroDuplicado" classname="com.udesc.libraSys.BibliotecaServiceTest" time="0.248">
    <failure message="Expected java.lang.IllegalArgumentException to be thrown, but nothing was thrown." type="org.opentest4j.AssertionFailedError"><![CDATA[org.opentest4j.AssertionFailedError: Expected java.lang.IllegalArgumentException to be thrown, but nothing was thrown.
	at org.junit.jupiter.api.AssertionFailureBuilder.build(AssertionFailureBuilder.java:152)
	at org.junit.jupiter.api.AssertThrows.assertThrows(AssertThrows.java:73)
	at org.junit.jupiter.api.AssertThrows.assertThrows(AssertThrows.java:35)
	at org.junit.jupiter.api.Assertions.assertThrows(Assertions.java:3128)
	at com.udesc.libraSys.BibliotecaServiceTest.testAdicionarLivroDuplicado(BibliotecaServiceTest.java:70)
	at java.base/java.lang.reflect.Method.invoke(Method.java:568)
	at java.base/java.util.ArrayList.forEach(ArrayList.java:1511)
	at java.base/java.util.ArrayList.forEach(ArrayList.java:1511)
]]></failure>
  </testcase>
  <testcase name="testBuscarLivroPorTitulo" classname="com.udesc.libraSys.BibliotecaServiceTest" time="0.279"/>
  <testcase name="testBuscarLivroInexistente" classname="com.udesc.libraSys.BibliotecaServiceTest" time="0.102"/>
  <testcase name="testRemoverLivroExistente" classname="com.udesc.libraSys.BibliotecaServiceTest" time="0.136"/>
  <testcase name="testRemoverLivroInexistente" classname="com.udesc.libraSys.BibliotecaServiceTest" time="0.17"/>
  <testcase name="testVerDetalhesDoLivro" classname="com.udesc.libraSys.BibliotecaServiceTest" time="0.118">
    <failure message="Os detalhes do livro deveriam ser retornados. ==&gt; expected: &lt;true&gt; but was: &lt;false&gt;" type="org.opentest4j.AssertionFailedError"><![CDATA[org.opentest4j.AssertionFailedError: Os detalhes do livro deveriam ser retornados. ==> expected: <true> but was: <false>
	at org.junit.jupiter.api.AssertionFailureBuilder.build(AssertionFailureBuilder.java:151)
	at org.junit.jupiter.api.AssertionFailureBuilder.buildAndThrow(AssertionFailureBuilder.java:132)
	at org.junit.jupiter.api.AssertTrue.failNotTrue(AssertTrue.java:63)
	at org.junit.jupiter.api.AssertTrue.assertTrue(AssertTrue.java:36)
	at org.junit.jupiter.api.Assertions.assertTrue(Assertions.java:214)
	at com.udesc.libraSys.BibliotecaServiceTest.testVerDetalhesDoLivro(BibliotecaServiceTest.java:117)
	at java.base/java.lang.reflect.Method.invoke(Method.java:568)
	at java.base/java.util.ArrayList.forEach(ArrayList.java:1511)
	at java.base/java.util.ArrayList.forEach(ArrayList.java:1511)
]]></failure>
  </testcase>
  <testcase name="testAtualizarAnoDePublicacaoExistente" classname="com.udesc.libraSys.BibliotecaServiceTest" time="0.211">
    <failure message="O banco de dados não foi atualizado com o novo ano de publicação. ==&gt; expected: &lt;2021&gt; but was: &lt;2020&gt;" type="org.opentest4j.AssertionFailedError"><![CDATA[org.opentest4j.AssertionFailedError: O banco de dados não foi atualizado com o novo ano de publicação. ==> expected: <2021> but was: <2020>
	at org.junit.jupiter.api.AssertionFailureBuilder.build(AssertionFailureBuilder.java:151)
	at org.junit.jupiter.api.AssertionFailureBuilder.buildAndThrow(AssertionFailureBuilder.java:132)
	at org.junit.jupiter.api.AssertEquals.failNotEqual(AssertEquals.java:197)
	at org.junit.jupiter.api.AssertEquals.assertEquals(AssertEquals.java:150)
	at org.junit.jupiter.api.Assertions.assertEquals(Assertions.java:563)
	at com.udesc.libraSys.BibliotecaServiceTest.testAtualizarAnoDePublicacaoExistente(BibliotecaServiceTest.java:144)
	at java.base/java.lang.reflect.Method.invoke(Method.java:568)
	at java.base/java.util.ArrayList.forEach(ArrayList.java:1511)
	at java.base/java.util.ArrayList.forEach(ArrayList.java:1511)
]]></failure>
  </testcase>
  <testcase name="testAtualizarAnoDePublicacaoParaLivroInexistente" classname="com.udesc.libraSys.BibliotecaServiceTest" time="0.1"/>
  <testcase name="testBuscarLivroPorAutor" classname="com.udesc.libraSys.BibliotecaServiceTest" time="0.1">
    <failure message="O livro deveria ser encontrado. ==&gt; expected: &lt;1&gt; but was: &lt;0&gt;" type="org.opentest4j.AssertionFailedError"><![CDATA[org.opentest4j.AssertionFailedError: O livro deveria ser encontrado. ==> expected: <1> but was: <0>
	at org.junit.jupiter.api.AssertionFailureBuilder.build(AssertionFailureBuilder.java:151)
	at org.junit.jupiter.api.AssertionFailureBuilder.buildAndThrow(AssertionFailureBuilder.java:132)
	at org.junit.jupiter.api.AssertEquals.failNotEqual(AssertEquals.java:197)
	at org.junit.jupiter.api.AssertEquals.assertEquals(AssertEquals.java:150)
	at org.junit.jupiter.api.Assertions.assertEquals(Assertions.java:563)
	at com.udesc.libraSys.BibliotecaServiceTest.testBuscarLivroPorAutor(BibliotecaServiceTest.java:160)
	at java.base/java.lang.reflect.Method.invoke(Method.java:568)
	at java.base/java.util.ArrayList.forEach(ArrayList.java:1511)
	at java.base/java.util.ArrayList.forEach(ArrayList.java:1511)
]]></failure>
  </testcase>
  <testcase name="testVerDetalhesLivroIdInvalido" classname="com.udesc.libraSys.BibliotecaServiceTest" time="0.099"/>
  <testcase name="testListarLivrosBibliotecaVazia" classname="com.udesc.libraSys.BibliotecaServiceTest" time="0.176"/>
  <testcase name="testListarLivrosComLivros" classname="com.udesc.libraSys.BibliotecaServiceTest" time="0.338"/>
  <testcase name="testContarLivrosBibliotecaVazia" classname="com.udesc.libraSys.BibliotecaServiceTest" time="0.354"/>
  <testcase name="testContarLivrosComLivros" classname="com.udesc.libraSys.BibliotecaServiceTest" time="0.451"/>
  <testcase name="testListarLivrosAnoInexistente" classname="com.udesc.libraSys.BibliotecaServiceTest" time="0.345"/>
  <testcase name="testListarLivrosAnoExistente" classname="com.udesc.libraSys.BibliotecaServiceTest" time="0.171"/>
</testsuite>